Build started 4/13/2017 11:13:20 AM.
     1>Project "C:\Users\Nicole\Abdullah-GoogleDrive\classes\2017\spring\CS1- C++\Dr.Gus class\Lab3\Lab3\Lab3.vcxproj" on node 2 (Rebuild target(s)).
     1>ClCompile:
         C:\Program Files (x86)\Microsoft Visual Studio 12.0\VC\bin\CL.exe /c /ZI /nologo /W3 /WX- /sdl /Od /Oy- /D WIN32 /D _DEBUG /D _WINDOWS /D _UNICODE /D UNICODE /Gm /EHsc /RTC1 /MDd /GS /fp:precise /Zc:wchar_t /Zc:forScope /Fo"Debug\\" /Fd"Debug\vc120.pdb" /Gd /TP /analyze- /errorReport:prompt "SourceLab3 - Alajaj .cpp"
         SourceLab3 - Alajaj .cpp
     1>c:\users\nicole\abdullah-googledrive\classes\2017\spring\cs1- c++\dr.gus class\lab3\lab3\sourcelab3 - alajaj .cpp(30): warning C4244: 'argument' : conversion from 'time_t' to 'unsigned int', possible loss of data
     1>c:\users\nicole\abdullah-googledrive\classes\2017\spring\cs1- c++\dr.gus class\lab3\lab3\sourcelab3 - alajaj .cpp(27): warning C4101: 'j' : unreferenced local variable
       Link:
         C:\Program Files (x86)\Microsoft Visual Studio 12.0\VC\bin\link.exe /ERRORREPORT:PROMPT /OUT:"C:\Users\Nicole\Abdullah-GoogleDrive\classes\2017\spring\CS1- C++\Dr.Gus class\Lab3\Debug\Lab3.exe" /INCREMENTAL /NOLOGO kernel32.lib user32.lib gdi32.lib winspool.lib comdlg32.lib advapi32.lib shell32.lib ole32.lib oleaut32.lib uuid.lib odbc32.lib odbccp32.lib /MANIFEST /MANIFESTUAC:"level='asInvoker' uiAccess='false'" /manifest:embed /DEBUG /PDB:"C:\Users\Nicole\Abdullah-GoogleDrive\classes\2017\spring\CS1- C++\Dr.Gus class\Lab3\Debug\Lab3.pdb" /SUBSYSTEM:WINDOWS /TLBID:1 /DYNAMICBASE /NXCOMPAT /IMPLIB:"C:\Users\Nicole\Abdullah-GoogleDrive\classes\2017\spring\CS1- C++\Dr.Gus class\Lab3\Debug\Lab3.lib" /MACHINE:X86 "Debug\SourceLab3 - Alajaj .obj"
     1>MSVCRTD.lib(crtexew.obj) : error LNK2019: unresolved external symbol _WinMain@16 referenced in function ___tmainCRTStartup
     1>C:\Users\Nicole\Abdullah-GoogleDrive\classes\2017\spring\CS1- C++\Dr.Gus class\Lab3\Debug\Lab3.exe : fatal error LNK1120: 1 unresolved externals
     1>Done Building Project "C:\Users\Nicole\Abdullah-GoogleDrive\classes\2017\spring\CS1- C++\Dr.Gus class\Lab3\Lab3\Lab3.vcxproj" (Rebuild target(s)) -- FAILED.

Build FAILED.

Time Elapsed 00:00:10.33
